number,value,datetime_start,datetime_complete,duration,params_colsample_bytree,params_learning_rate,params_max_depth,params_n_bags,params_n_estimators,params_neg_sample_ratio,params_reg_alpha,params_reg_lambda,params_subsample,state
0,0.9243338865624577,2026-05-29 15:27:56.414850,2026-05-29 15:30:34.550900,0 days 00:02:38.136050,0.6232334448672797,0.01700037298921102,7,10,250,1.9260714596148742,0.8661761457749352,1.4016725176148133,0.662397808134481,COMPLETE
1,0.9412190593759509,2026-05-29 15:30:34.551454,2026-05-29 15:35:14.863489,0 days 00:04:40.312035,0.6733618039413735,0.020589728197687916,9,16,300,0.5308767414437037,0.3042422429595377,1.2871346474483567,0.6727299868828402,COMPLETE
2,0.8864801962043138,2026-05-29 15:35:14.864108,2026-05-29 15:36:38.888526,0 days 00:01:24.024418,0.7824279936868144,0.027010527749605478,4,11,200,0.9368437102970628,0.7851759613930136,0.7995106732375397,0.7465447373174767,COMPLETE
3,0.8779502822381202,2026-05-29 15:36:38.889025,2026-05-29 15:37:58.551976,0 days 00:01:19.662951,0.9795542149013333,0.0178601378893971,7,13,50,1.3886218532930636,0.9656320330745594,1.7125960221746916,0.6260206371941118,COMPLETE
4,0.9028934574826254,2026-05-29 15:37:58.552811,2026-05-29 15:39:43.618286,0 days 00:01:45.065475,0.6137554084460873,0.015144860262751412,6,9,225,0.6465081710095758,0.9093204020787821,0.8881699724000254,0.798070764044508,COMPLETE
5,0.9154695874675017,2026-05-29 15:39:43.618821,2026-05-29 15:42:00.999480,0 days 00:02:17.380659,0.9100531293444458,0.01875220945578641,7,15,175,0.9675666141341164,0.9394989415641891,1.8422410256414732,0.9878338511058234,COMPLETE
6,0.794059917637032,2026-05-29 15:42:01.000010,2026-05-29 15:42:38.772146,0 days 00:00:37.772136,0.7554709158757928,0.011662890273931383,4,14,50,1.8828113525346752,0.2713490317738959,1.743106263727894,0.7301321323053057,PRUNED
7,0.931271656362952,2026-05-29 15:42:38.772638,2026-05-29 15:43:57.419666,0 days 00:01:18.647028,0.9947547746402069,0.1530883741573138,4,10,175,0.9214017645310711,0.7722447692966574,0.7980735223012586,0.6298202574719083,COMPLETE
8,0.9533245135887288,2026-05-29 15:43:57.475025,2026-05-29 15:46:41.619981,0 days 00:02:44.144956,0.7433862914177091,0.13780336485751998,8,5,225,1.7231921426822512,0.11586905952512971,1.7946551388133902,0.6296178606936361,COMPLETE
9,0.8530467032351124,2026-05-29 15:46:41.620378,2026-05-29 15:47:19.826004,0 days 00:00:38.205626,0.8550229885420852,0.030222834756467344,5,14,50,0.9963470372789738,0.8872127425763265,1.2083223877429239,0.8918424713352255,PRUNED
10,0.9540690857314889,2026-05-29 15:47:19.826439,2026-05-29 15:50:02.708368,0 days 00:02:42.881929,0.7031707810405968,0.27953218463315727,10,5,125,1.5592004779335948,0.011114384822711307,1.953969609131142,0.8760988294276582,COMPLETE
11,0.9538761281008243,2026-05-29 15:50:02.768902,2026-05-29 15:52:46.968530,0 days 00:02:44.199628,0.7137827456726563,0.28969232317416627,10,5,125,1.5775705732126288,0.011046564754964586,1.9983757906873774,0.8810796931031994,COMPLETE
12,0.9541971798563773,2026-05-29 15:52:46.968991,2026-05-29 15:55:30.444726,0 days 00:02:43.475735,0.6891391873199937,0.29709644819696446,10,5,125,1.4687846610548618,0.033585884934471955,1.9880571168606025,0.887098392707996,COMPLETE
13,0.9553227738487667,2026-05-29 15:55:30.492803,2026-05-29 16:00:36.312481,0 days 00:05:05.819678,0.6966219731921359,0.2859857693271539,10,20,125,1.3492623280117975,0.4970853936108525,1.5282569121934015,0.9077532375130537,COMPLETE
14,0.9489850391829264,2026-05-29 16:00:36.313290,2026-05-29 16:04:29.457035,0 days 00:03:53.143745,0.8235194332173258,0.08331824119251123,9,20,100,1.2133520350734401,0.5689352158711831,1.5573906239022661,0.9601556176358149,COMPLETE
15,0.9538543811497411,2026-05-29 16:04:29.496238,2026-05-29 16:07:59.259903,0 days 00:03:29.763665,0.6709761567381894,0.16322928656744476,9,20,100,1.354448960706377,0.5094012439337637,1.1435301216309122,0.929374218090216,COMPLETE
16,0.9530236417513216,2026-05-29 16:07:59.260382,2026-05-29 16:13:52.233822,0 days 00:05:52.973440,0.6559887299629202,0.0677485020437437,10,17,150,1.1855313003495027,0.3415500949354924,0.5197688215713852,0.8307796695558711,COMPLETE
17,0.9529255627553285,2026-05-29 16:13:52.254881,2026-05-29 16:15:39.035186,0 days 00:01:46.780305,0.7281358941031667,0.2137042881298096,8,8,100,1.5329724243938245,0.6403976799290017,1.5408982793328994,0.81686801831842,COMPLETE
18,0.9525897381133615,2026-05-29 16:15:39.035678,2026-05-29 16:19:19.747377,0 days 00:03:40.711699,0.7943265793950723,0.11943542774035326,8,18,150,1.6938016428403593,0.3985223189345981,1.5698224047434852,0.930746924386335,COMPLETE
19,0.8378345804059332,2026-05-29 16:19:19.763706,2026-05-29 16:19:57.389060,0 days 00:00:37.625354,0.8530521571049273,0.040359456141514524,3,7,75,1.3747199286945915,0.16958152938775156,1.0296726462494794,0.8457587553898008,PRUNED
20,0.9523379523098537,2026-05-29 16:19:57.389473,2026-05-29 16:22:41.627580,0 days 00:02:44.238107,0.6432398904251072,0.09529161286490331,9,12,150,1.0799436985834814,0.6572415663875774,1.391909563887607,0.7673582619846032,COMPLETE
21,0.9543955826471704,2026-05-29 16:22:41.653802,2026-05-29 16:25:26.773643,0 days 00:02:45.119841,0.6995874564920044,0.2941806769266195,10,7,125,1.526917236865553,0.017358403505768782,1.9910699732021404,0.8812922533317064,COMPLETE
22,0.9550478418587991,2026-05-29 16:25:26.778729,2026-05-29 16:28:24.341903,0 days 00:02:57.563174,0.6962831044441021,0.1935355182062472,10,7,125,1.4457749319648416,0.16488005470316686,1.8749550976084244,0.9133510250312172,COMPLETE
23,0.9541630966900243,2026-05-29 16:28:24.342363,2026-05-29 16:30:37.552570,0 days 00:02:13.210207,0.765836702637975,0.20656699369545395,10,7,75,1.7366931226343028,0.19316144184961231,1.666674698559237,0.9374829231863717,COMPLETE
24,0.9546421691191496,2026-05-29 16:30:37.557771,2026-05-29 16:33:00.662941,0 days 00:02:23.105170,0.7133046056734546,0.20681252608040884,9,7,125,1.176237624554172,0.11795129666046095,1.8672270312913306,0.9777095904916449,COMPLETE
25,0.9553196758572661,2026-05-29 16:33:00.663673,2026-05-29 16:35:54.245498,0 days 00:02:53.581825,0.6055590232716067,0.1958704814473721,9,9,175,1.2850643178481103,0.4196219749109919,1.8477091133518038,0.9997525657388524,COMPLETE
26,0.952115695205604,2026-05-29 16:35:54.297858,2026-05-29 16:38:17.840179,0 days 00:02:23.542321,0.6031232135052033,0.1090228589112159,8,9,200,0.7920049208570046,0.4329290625024344,1.6526710635181117,0.9963910655147282,COMPLETE
27,0.9556465265923378,2026-05-29 16:38:17.840592,2026-05-29 16:41:35.704434,0 days 00:03:17.863842,0.641768976345354,0.18624068118684003,9,12,200,1.2886065251051648,0.4645973453312947,1.4279515587279568,0.9550143590500961,COMPLETE
28,0.9418920265347964,2026-05-29 16:41:35.714802,2026-05-29 16:42:46.661024,0 days 00:01:10.946222,0.6424159409433047,0.06191757817875662,6,11,250,1.2776902578064602,0.5141766046790485,1.4062793617405687,0.9615894231499456,PRUNED
29,0.9408665759600687,2026-05-29 16:42:46.661445,2026-05-29 16:44:04.408616,0 days 00:01:17.747171,0.6206848043712467,0.04575139942609114,7,12,200,1.0921525476074054,0.4300868190484783,1.419552571388508,0.9636400847008904,PRUNED
30,0.9559741287744977,2026-05-29 16:44:04.409020,2026-05-29 16:51:15.167641,0 days 00:07:10.758621,0.6366651878089667,0.16940864722715898,9,19,275,1.2898514344700256,0.5987505702597412,1.5037751295279118,0.9977423368315897,COMPLETE
31,0.9561545893064511,2026-05-29 16:51:15.215693,2026-05-29 16:58:54.067329,0 days 00:07:38.851636,0.6374657618973686,0.16874895155492367,9,19,300,1.2876154689232984,0.5916293114829153,1.476209280762561,0.9993134344664014,COMPLETE
32,0.9556820401936326,2026-05-29 16:58:54.104510,2026-05-29 17:06:34.452568,0 days 00:07:40.348058,0.643594030537895,0.12587111981424767,9,19,300,1.1012986167754444,0.6198726466257751,1.325150909616466,0.9485888335465553,COMPLETE
33,0.9544826242965246,2026-05-29 17:06:34.469222,2026-05-29 17:11:42.785307,0 days 00:05:08.316085,0.63850524986709,0.13169747210090887,8,18,300,0.777306394354705,0.6810804902366125,1.283769226494815,0.9494842913821414,COMPLETE
