number,value,datetime_start,datetime_complete,duration,params_colsample_bytree,params_learning_rate,params_max_depth,params_n_bags,params_n_estimators,params_neg_sample_ratio,params_reg_alpha,params_reg_lambda,params_subsample,state
0,0.9242121563880067,2026-05-29 15:27:56.354620,2026-05-29 15:31:11.331830,0 days 00:03:14.977210,0.6232334448672797,0.01700037298921102,7,10,250,1.9260714596148742,0.8661761457749352,1.4016725176148133,0.662397808134481,COMPLETE
1,0.9411221172369801,2026-05-29 15:31:11.332393,2026-05-29 15:35:13.782164,0 days 00:04:02.449771,0.6733618039413735,0.020589728197687916,9,16,300,0.5308767414437037,0.3042422429595377,1.2871346474483567,0.6727299868828402,COMPLETE
2,0.8865137412852345,2026-05-29 15:35:13.782810,2026-05-29 15:36:28.614274,0 days 00:01:14.831464,0.7824279936868144,0.027010527749605478,4,11,200,0.9368437102970628,0.7851759613930136,0.7995106732375397,0.7465447373174767,COMPLETE
3,0.8781448147076732,2026-05-29 15:36:28.615192,2026-05-29 15:37:38.984030,0 days 00:01:10.368838,0.9795542149013333,0.0178601378893971,7,13,50,1.3886218532930636,0.9656320330745594,1.7125960221746916,0.6260206371941118,COMPLETE
4,0.9029010802266931,2026-05-29 15:37:38.984453,2026-05-29 15:39:11.285970,0 days 00:01:32.301517,0.6137554084460873,0.015144860262751412,6,9,225,0.6465081710095758,0.9093204020787821,0.8881699724000254,0.798070764044508,COMPLETE
5,0.915594315260812,2026-05-29 15:39:11.286440,2026-05-29 15:41:08.377379,0 days 00:01:57.090939,0.9100531293444458,0.01875220945578641,7,15,175,0.9675666141341164,0.9394989415641891,1.8422410256414732,0.9878338511058234,COMPLETE
6,0.7929988379930336,2026-05-29 15:41:08.377733,2026-05-29 15:41:41.801578,0 days 00:00:33.423845,0.7554709158757928,0.011662890273931383,4,14,50,1.8828113525346752,0.2713490317738959,1.743106263727894,0.7301321323053057,PRUNED
7,0.9313484118238808,2026-05-29 15:41:41.802327,2026-05-29 15:42:51.638370,0 days 00:01:09.836043,0.9947547746402069,0.1530883741573138,4,10,175,0.9214017645310711,0.7722447692966574,0.7980735223012586,0.6298202574719083,COMPLETE
8,0.9532580753288636,2026-05-29 15:42:51.638871,2026-05-29 15:45:23.581176,0 days 00:02:31.942305,0.7433862914177091,0.13780336485751998,8,5,225,1.7231921426822512,0.11586905952512971,1.7946551388133902,0.6296178606936361,COMPLETE
9,0.8534242557130142,2026-05-29 15:45:23.581594,2026-05-29 15:45:56.310792,0 days 00:00:32.729198,0.8550229885420852,0.030222834756467344,5,14,50,0.9963470372789738,0.8872127425763265,1.2083223877429239,0.8918424713352255,PRUNED
10,0.9541449891018811,2026-05-29 15:45:56.311158,2026-05-29 15:48:25.286226,0 days 00:02:28.975068,0.7031707810405968,0.27953218463315727,10,5,125,1.5592004779335948,0.011114384822711307,1.953969609131142,0.8760988294276582,COMPLETE
11,0.9541005296985453,2026-05-29 15:48:25.287041,2026-05-29 15:50:54.315812,0 days 00:02:29.028771,0.7137827456726563,0.28969232317416627,10,5,125,1.5775705732126288,0.011046564754964586,1.9983757906873774,0.8810796931031994,COMPLETE
12,0.953904446563838,2026-05-29 15:50:54.316271,2026-05-29 15:53:23.480831,0 days 00:02:29.164560,0.6891391873199937,0.29709644819696446,10,5,125,1.4687846610548618,0.033585884934471955,1.9880571168606025,0.887098392707996,COMPLETE
13,0.9552293701850519,2026-05-29 15:53:23.509377,2026-05-29 15:58:12.208181,0 days 00:04:48.698804,0.6966219731921359,0.28566589314187435,10,20,125,1.497307997551048,0.4970853936108525,1.5282569121934015,0.8868629796025166,COMPLETE
14,0.9493139238477399,2026-05-29 15:58:12.209061,2026-05-29 16:01:48.367251,0 days 00:03:36.158190,0.8235194332173258,0.08661437933030057,9,20,100,1.2693150724540767,0.5776293574902625,1.4983411593479468,0.9601556176358149,COMPLETE
15,0.9541444336660747,2026-05-29 16:01:48.367679,2026-05-29 16:04:59.113615,0 days 00:03:10.745936,0.6573260039820706,0.1849066009577858,9,20,100,1.6799418076549977,0.5170852397810711,1.5872719099909907,0.8373791499008264,COMPLETE
16,0.9531589207556983,2026-05-29 16:04:59.113995,2026-05-29 16:10:49.582134,0 days 00:05:50.468139,0.7238803118866866,0.0677485020437437,10,17,150,1.1603028872888212,0.36602188422226334,0.5197688215713852,0.933686099353464,COMPLETE
17,0.9478380613746172,2026-05-29 16:10:49.616065,2026-05-29 16:11:51.067277,0 days 00:01:01.451212,0.8027105027486668,0.10242385252107383,8,8,100,1.4134374205994067,0.6424928306119992,1.59824408686673,0.8160380080454376,PRUNED
18,0.9549840672856036,2026-05-29 16:11:51.067626,2026-05-29 16:15:08.912054,0 days 00:03:17.844428,0.6479553907926004,0.20787688063220297,8,18,150,1.7350203915710634,0.3971374921271986,1.0989419724782095,0.9267012633469132,COMPLETE
19,0.9412227461247133,2026-05-29 16:15:08.912391,2026-05-29 16:17:15.697421,0 days 00:02:06.785030,0.6358633453707446,0.040359456141514524,8,18,150,1.7369483382829713,0.41815408228207424,1.0617636766760472,0.9183256349774025,PRUNED
20,0.9536987665423696,2026-05-29 16:17:15.697757,2026-05-29 16:20:15.572011,0 days 00:02:59.874254,0.6581728671822838,0.1998168339802509,6,18,275,1.9788569568065049,0.17434524265575488,1.0597848741128608,0.9867994570751268,COMPLETE
21,0.9545198074965466,2026-05-29 16:20:15.572397,2026-05-29 16:22:29.128430,0 days 00:02:13.556033,0.7050839706306623,0.2341223251800811,9,7,125,1.5654945905665687,0.4498921061658454,1.3442462504604706,0.8668534044142104,COMPLETE
22,0.954741233563929,2026-05-29 16:22:29.146938,2026-05-29 16:24:56.534711,0 days 00:02:27.387773,0.6842984488623997,0.22358127514347892,9,7,150,1.812251029683354,0.4575823354467789,1.2370934163106584,0.8448518160921792,COMPLETE
23,0.9525070016581689,2026-05-29 16:24:56.535120,2026-05-29 16:26:55.892556,0 days 00:01:59.357436,0.6020871260880774,0.108727640227594,8,19,150,1.8343346291991582,0.5919687123127271,1.1835722818252499,0.7740770533048056,PRUNED
24,0.9553765922287983,2026-05-29 16:26:55.892929,2026-05-29 16:30:15.640936,0 days 00:03:19.748007,0.768161428016813,0.15526306637700193,9,12,200,1.7479807837753771,0.7105478074441666,1.0547913757551959,0.8466830325336187,COMPLETE
25,0.9209079919165538,2026-05-29 16:30:15.703267,2026-05-29 16:30:58.636691,0 days 00:00:42.933424,0.7609600257803818,0.15067264669453445,3,12,200,1.2765155564825308,0.665786435121108,1.0336448335988657,0.9316754076154603,PRUNED
26,0.9509998668583662,2026-05-29 16:30:58.636972,2026-05-29 16:32:46.833203,0 days 00:01:48.196231,0.853631413661941,0.06414717508858574,8,16,200,1.6534705236392169,0.7396080967535653,0.928458744413692,0.909354978313975,PRUNED
27,0.9524363868288669,2026-05-29 16:32:46.833939,2026-05-29 16:36:24.847975,0 days 00:03:38.014036,0.7346778976394466,0.11895474598796987,10,19,75,1.4596120152499554,0.5340564476542813,0.5809114632039067,0.9523072687648505,COMPLETE
28,0.9551803144498617,2026-05-29 16:36:24.853247,2026-05-29 16:39:24.268133,0 days 00:02:59.414886,0.77724116912608,0.18080916850193152,9,12,175,1.7851796183044035,0.34591777730511,1.4171763591839242,0.8471889074401677,COMPLETE
29,0.9516353436857594,2026-05-29 16:39:24.276709,2026-05-29 16:40:48.795251,0 days 00:01:24.518542,0.7816886739604734,0.08635052761438361,7,12,250,1.977912375194479,0.2436931836611012,1.4096746203703432,0.8378892270720142,PRUNED
30,0.9552235665445099,2026-05-29 16:40:48.795582,2026-05-29 16:44:23.536848,0 days 00:03:34.741266,0.8353355370755438,0.16932534754755837,9,11,225,1.8419676587468112,0.33158729474470855,1.4288382350363156,0.7934321918890359,COMPLETE
31,0.9552041445441508,2026-05-29 16:44:23.537261,2026-05-29 16:48:00.828350,0 days 00:03:37.291089,0.866954486636532,0.15732062436027835,9,11,225,1.8609660172482148,0.32946982072726655,1.4969523213420708,0.8136158235347329,COMPLETE
32,0.9551672833751791,2026-05-29 16:48:00.860996,2026-05-29 16:51:58.083913,0 days 00:03:57.222917,0.9086209385003359,0.15802078083150398,9,10,250,1.9096122370706343,0.20750319272232065,1.538402041815372,0.7997683145891779,COMPLETE
33,0.954891468090042,2026-05-29 16:51:58.084932,2026-05-29 16:56:44.890349,0 days 00:04:46.805417,0.8807997182740033,0.13203094762602066,10,11,225,1.6326989851352913,0.6775011764877764,1.47415041335799,0.7286156507255409,COMPLETE
34,0.9547444287282048,2026-05-29 16:56:44.891306,2026-05-29 17:00:36.733721,0 days 00:03:51.842415,0.8246951235502965,0.24166821210404527,9,13,250,1.859085382744771,0.31470877879724674,1.6519552733698735,0.770398010084483,COMPLETE
35,0.9551580009804731,2026-05-29 17:00:36.734147,2026-05-29 17:06:26.336239,0 days 00:05:49.602092,0.9379247286354849,0.08845504921159214,10,11,275,1.3471645106115262,0.47001992361630063,1.352805033521946,0.7711457396992168,COMPLETE
36,0.9501056332538037,2026-05-29 17:06:26.520746,2026-05-29 17:08:31.847461,0 days 00:02:05.326715,0.8142232852356254,0.042684940820683595,9,9,200,1.5390207544741406,0.8287931271359863,1.273075612335502,0.8207207208916195,PRUNED
