number,value,datetime_start,datetime_complete,duration,params_colsample_bytree,params_learning_rate,params_max_depth,params_n_bags,params_n_estimators,params_neg_sample_ratio,params_reg_alpha,params_reg_lambda,params_subsample,state
0,0.8494463948871154,2026-05-29 15:28:20.631717,2026-05-29 15:30:40.054226,0 days 00:02:19.422509,0.6232334448672797,0.01700037298921102,7,10,250,1.9260714596148742,0.8661761457749352,1.4016725176148133,0.662397808134481,COMPLETE
1,0.8829179983815528,2026-05-29 15:30:40.054740,2026-05-29 15:32:50.598304,0 days 00:02:10.543564,0.6733618039413735,0.020589728197687916,9,16,300,0.5308767414437037,0.3042422429595377,1.2871346474483567,0.6727299868828402,COMPLETE
2,0.7976109884306556,2026-05-29 15:32:50.598778,2026-05-29 15:33:24.307666,0 days 00:00:33.708888,0.7824279936868144,0.027010527749605478,4,11,200,0.9368437102970628,0.7851759613930136,0.7995106732375397,0.7465447373174767,COMPLETE
3,0.8055785892044038,2026-05-29 15:33:24.308088,2026-05-29 15:33:57.480929,0 days 00:00:33.172841,0.9795542149013333,0.0178601378893971,7,13,50,1.3886218532930636,0.9656320330745594,1.7125960221746916,0.6260206371941118,COMPLETE
4,0.8216359440805248,2026-05-29 15:33:57.481293,2026-05-29 15:34:42.419726,0 days 00:00:44.938433,0.6137554084460873,0.015144860262751412,6,9,225,0.6465081710095758,0.9093204020787821,0.8881699724000254,0.798070764044508,COMPLETE
5,0.8386749805110899,2026-05-29 15:34:42.420152,2026-05-29 15:35:41.343497,0 days 00:00:58.923345,0.9100531293444458,0.01875220945578641,7,15,175,0.9675666141341164,0.9394989415641891,1.8422410256414732,0.9878338511058234,COMPLETE
6,0.7398860306137777,2026-05-29 15:35:41.344258,2026-05-29 15:35:56.616493,0 days 00:00:15.272235,0.7554709158757928,0.011662890273931383,4,14,50,1.8828113525346752,0.2713490317738959,1.743106263727894,0.7301321323053057,PRUNED
7,0.8508697712304911,2026-05-29 15:35:56.616825,2026-05-29 15:36:28.735577,0 days 00:00:32.118752,0.9947547746402069,0.1530883741573138,4,10,175,0.9214017645310711,0.7722447692966574,0.7980735223012586,0.6298202574719083,COMPLETE
8,0.9105221060615156,2026-05-29 15:36:28.735888,2026-05-29 15:37:43.165051,0 days 00:01:14.429163,0.7433862914177091,0.13780336485751998,8,5,225,1.7231921426822512,0.11586905952512971,1.7946551388133902,0.6296178606936361,COMPLETE
9,0.7782619141828852,2026-05-29 15:37:43.165482,2026-05-29 15:37:59.001381,0 days 00:00:15.835899,0.8550229885420852,0.030222834756467344,5,14,50,0.9963470372789738,0.8872127425763265,1.2083223877429239,0.8918424713352255,PRUNED
10,0.9148767153905668,2026-05-29 15:37:59.001628,2026-05-29 15:39:32.167764,0 days 00:01:33.166136,0.7031707810405968,0.27953218463315727,10,5,125,1.5592004779335948,0.011114384822711307,1.953969609131142,0.8760988294276582,COMPLETE
11,0.9153315704886481,2026-05-29 15:39:32.168196,2026-05-29 15:40:56.410806,0 days 00:01:24.242610,0.7137827456726563,0.28969232317416627,10,5,125,1.5775705732126288,0.011046564754964586,1.9983757906873774,0.8810796931031994,COMPLETE
12,0.9150675097712904,2026-05-29 15:40:56.411235,2026-05-29 15:42:19.755498,0 days 00:01:23.344263,0.6891391873199937,0.29709644819696446,10,5,125,1.4687846610548618,0.033585884934471955,1.9880571168606025,0.887098392707996,COMPLETE
13,0.917650429805543,2026-05-29 15:42:19.755961,2026-05-29 15:45:08.170029,0 days 00:02:48.414068,0.6966219731921359,0.2859857693271539,10,20,125,1.3081946560316633,0.4970853936108525,1.5282569121934015,0.9077532375130537,COMPLETE
14,0.8958132103784366,2026-05-29 15:45:08.170395,2026-05-29 15:47:49.760436,0 days 00:02:41.590041,0.8251684911568735,0.08331824119251123,9,20,100,1.3030738663862185,0.5776550273562484,1.5573906239022661,0.9601556176358149,COMPLETE
15,0.9090886388077483,2026-05-29 15:47:49.760860,2026-05-29 15:49:36.285272,0 days 00:01:46.524412,0.6626215544454718,0.16322928656744476,9,20,100,1.656053284144789,0.5171080559930545,1.1350636924059634,0.9259592896298856,COMPLETE
16,0.9083296604115825,2026-05-29 15:49:36.285657,2026-05-29 15:53:08.290278,0 days 00:03:32.004621,0.7242757678791986,0.0677485020437437,10,17,150,1.1794377735766108,0.36601679258883857,0.5197688215713852,0.8307796695558711,COMPLETE
17,0.905166031907728,2026-05-29 15:53:08.290713,2026-05-29 15:53:57.036599,0 days 00:00:48.745886,0.8027105027486668,0.2123213031032006,8,8,100,1.15549300711777,0.6424987941241134,1.538211345024044,0.8317924627337946,COMPLETE
18,0.8808801666684815,2026-05-29 15:53:57.036916,2026-05-29 15:54:55.813753,0 days 00:00:58.776837,0.6442893651910143,0.04636063910596914,8,18,150,1.6938016428403593,0.39713355033995856,1.565173137210036,0.9376769262346912,PRUNED
19,0.7842645100450166,2026-05-29 15:54:55.814071,2026-05-29 15:55:10.967205,0 days 00:00:15.153134,0.8530521571049273,0.10207283334001054,3,7,75,1.4302519468464423,0.16958152938775156,1.0198120449782202,0.9980397876498398,PRUNED
20,0.9157448835731412,2026-05-29 15:55:10.967449,2026-05-29 15:56:37.436859,0 days 00:01:26.469410,0.7673790374543065,0.20908603645002555,9,12,150,1.276726081498037,0.6572415663875774,1.384414186813008,0.7912609844821725,COMPLETE
21,0.9171857992504318,2026-05-29 15:56:37.437358,2026-05-29 15:58:37.084250,0 days 00:01:59.646892,0.7550504976248243,0.21663425780641848,10,12,150,1.2631442103074577,0.6687719199000259,1.3888672751372486,0.7828696084364043,COMPLETE
22,0.9152179493068744,2026-05-29 15:58:37.084741,2026-05-29 16:00:07.675061,0 days 00:01:30.590320,0.7698347780875038,0.2179941232353248,9,12,150,1.1114680563752348,0.6899277216401558,1.33980696678904,0.7659668852477796,COMPLETE
23,0.9155261941370657,2026-05-29 16:00:07.675999,2026-05-29 16:02:32.898842,0 days 00:02:25.222843,0.738936151721879,0.1086441805003564,10,13,200,1.3107311919639868,0.4611767557695122,1.451019488860582,0.7157303389020645,COMPLETE
24,0.9134946212199999,2026-05-29 16:02:32.899261,2026-05-29 16:03:53.725961,0 days 00:01:20.826700,0.8023340048458893,0.19631552068882266,9,12,150,0.8282538911917439,0.6258330644002704,1.6409817073383075,0.7927189435164013,COMPLETE
25,0.9100117565080754,2026-05-29 16:03:53.726407,2026-05-29 16:06:13.205238,0 days 00:02:19.478831,0.8965806209551668,0.12195319103393386,8,18,200,1.245983749494677,0.7181165315090264,1.1603513973703077,0.6960571958355273,COMPLETE
26,0.9157255907128465,2026-05-29 16:06:13.208437,2026-05-29 16:07:47.892402,0 days 00:01:34.683965,0.8292843693315708,0.2014845110311453,10,15,125,1.067193799883466,0.53220448141961,1.4010769583666796,0.840984538996504,COMPLETE
27,0.8946989957382065,2026-05-29 16:07:47.892831,2026-05-29 16:08:43.503551,0 days 00:00:55.610720,0.7648259278351222,0.0409756397468511,9,11,175,1.242589992597776,0.4493683107488107,1.0038689996500785,0.7761945861836954,PRUNED
28,0.8430436001142138,2026-05-29 16:08:43.503816,2026-05-29 16:09:01.231824,0 days 00:00:17.728008,0.6911235433464243,0.08568906082534368,6,7,75,0.7970216754796831,0.804349413362166,1.51161233211208,0.8423152663475935,PRUNED
29,0.9093782344714902,2026-05-29 16:09:01.232049,2026-05-29 16:10:03.267601,0 days 00:01:02.035552,0.6432942965624775,0.16904302364755333,7,10,250,1.3711026630842884,0.5915545712376531,1.3834848679485625,0.8053276479510271,COMPLETE
30,0.9128545312043773,2026-05-29 16:10:03.268244,2026-05-29 16:11:03.256381,0 days 00:00:59.988137,0.6019341328759342,0.23957246977428825,10,11,75,1.8614140439915348,0.6946125911985561,1.643858713840117,0.9114672580483995,COMPLETE
31,0.9152742382234287,2026-05-29 16:11:03.256695,2026-05-29 16:12:38.870700,0 days 00:01:35.614005,0.8230080488698222,0.18565732718447553,10,15,125,1.0690487730119986,0.5467102887399512,1.4177826832530487,0.8560492606744246,COMPLETE
32,0.9185242475859041,2026-05-29 16:12:38.871051,2026-05-29 16:16:47.238855,0 days 00:04:08.367804,0.8564021991198862,0.23648782790207715,9,19,300,1.0771389113412135,0.5100841463461567,1.2544315533948305,0.8162677862607135,COMPLETE
33,0.9191259583079969,2026-05-29 16:16:47.350051,2026-05-29 16:21:32.071858,0 days 00:04:44.721807,0.8891051716420092,0.26442155071503654,9,19,300,1.4991190282813132,0.4658751137278585,1.3109201053759834,0.7487188248894503,COMPLETE
34,0.9183525185652058,2026-05-29 16:21:32.072493,2026-05-29 16:24:40.427963,0 days 00:03:08.355470,0.9092944476336222,0.25815278342908143,8,19,275,1.529731309948006,0.30724677187861904,1.2834292288508873,0.7493036668825779,COMPLETE
35,0.9180475816412113,2026-05-29 16:24:40.478485,2026-05-29 16:27:59.963513,0 days 00:03:19.485028,0.9407179928069633,0.25329289811971173,8,19,300,1.5342165965080927,0.25455391609889805,1.2552134087989393,0.66480527488697,COMPLETE
36,0.9160499613935433,2026-05-29 16:27:59.964770,2026-05-29 16:31:12.354591,0 days 00:03:12.389821,0.9494615045625076,0.13573101159950776,8,19,300,1.4989120605775232,0.28041092270915313,1.2287137579074185,0.6564806671855788,COMPLETE
37,0.9160997502770123,2026-05-29 16:31:12.354984,2026-05-29 16:34:22.977674,0 days 00:03:10.622690,0.906946914318855,0.1553207159912552,8,17,275,1.7739556748184824,0.34453253353187285,1.285144227371685,0.7506916921824535,COMPLETE
38,0.9162761996369275,2026-05-29 16:34:22.977972,2026-05-29 16:36:30.512250,0 days 00:02:07.534278,0.946154335745843,0.25006208952255693,7,19,275,1.5889380777781037,0.20828410300053665,1.0706952334283844,0.6734263359701976,COMPLETE
39,0.9156940207802338,2026-05-29 16:36:30.512840,2026-05-29 16:38:46.509715,0 days 00:02:15.996875,0.8804484159644025,0.24279067017602857,7,17,275,1.7811158048300462,0.21860971245983885,0.9092373149262064,0.6023943569933361,COMPLETE
